Arguments: 
  C:\Program Files\nodejs\node.exe C:\Program Files (x86)\Yarn\bin\yarn.js add dotenv

PATH: 
  C:\Program Files (x86)\VMware\VMware Workstation\bin\;C:\Program Files\Common Files\Oracle\Java\javapath;C:\Program Files (x86)\Common Files\Oracle\Java\javapath;C:\Windows\system32;C:\Windows;C:\Windows\System32\Wbem;C:\Windows\System32\WindowsPowerShell\v1.0\;C:\Windows\System32\OpenSSH\;C:\Program Files (x86)\Yarn\bin\;C:\Users\Administrator\AppData\Roaming\nvm;C:\Program Files\nodejs;C:\Program Files\Microsoft SQL Server\130\Tools\Binn\;D:\xampp\php;C:\composer;C:\Program Files\dotnet\;C:\Program Files\EmEditor;C:\Program Files (x86)\PuTTY\;C:\Program Files\Git\cmd;C:\Program Files (x86)\NVIDIA Corporation\PhysX\Common;C:\Program Files\Go\bin;C:\Users\Administrator\AppData\Local\Programs\Python\Python310\Scripts\;C:\Users\Administrator\AppData\Local\Programs\Python\Python310\;C:\Users\Administrator\.cargo\bin;C:\Users\Administrator\AppData\Local\Microsoft\WindowsApps;C:\Users\Administrator\AppData\Local\Yarn\bin;C:\Users\Administrator\AppData\Roaming\npm;C:\Program Files (x86)\GitHub CLI\;C:\Users\Administrator\AppData\Local\Programs\Microsoft VS Code\bin;C:\Users\Administrator\AppData\Roaming\nvm;C:\Program Files\nodejs;C:\Users\Administrator\AppData\Local\GitHubDesktop\bin;C:\Users\Administrator\AppData\Roaming\Composer\vendor\bin;C:\Users\Administrator\.dotnet\tools;C:\Users\Administrator\go\bin

Yarn version: 
  1.22.5

Node version: 
  16.4.0

Platform: 
  win32 x64

Trace: 
  Error: ENOENT: no such file or directory, copyfile 'C:\Users\Administrator\AppData\Local\Yarn\Cache\v6\npm-bn-js-5.2.1-0bc527a6a0d18d0aa8d5b0538ce4a77dccfa7b70-integrity\node_modules\bn.js\lib\bn.js' -> 'E:\work\Blockchain-Ether\Funge\UpgradeableContracts\node_modules\ethereumjs-util\node_modules\bn.js\lib\bn.js'

npm manifest: 
  {
    "name": "upgradeablecontracts",
    "version": "1.0.0",
    "description": "",
    "main": "index.js",
    "scripts": {
      "test": "echo \"Error: no test specified\" && exit 1"
    },
    "keywords": [],
    "author": "",
    "license": "ISC",
    "devDependencies": {
      "@openzeppelin/hardhat-upgrades": "^1.19.0",
      "ethers": "^5.6.9",
      "hardhat": "^2.10.0",
      "ts-node": "^10.8.2",
      "typescript": "^4.7.4",
      "web3": "^1.7.4"
    },
    "dependencies": {
      "@nomiclabs/hardhat-etherscan": "^3.1.0",
      "dotenv": "^16.0.1"
    }
  }

yarn manifest: 
  No manifest

Lockfile: 
  No lockfile
